#
# A fatal error has been detected by the Java Runtime Environment:
#
#  Internal Error (javaClasses.cpp:137), pid=1188, tid=7936
#  fatal error: Invalid layout of preloaded class
#
# JRE version:  (7.0_80-b15) (build )
# Java VM: Java HotSpot(TM) 64-Bit Server VM (24.80-b11 mixed mode windows-amd64 compressed oops)
# Failed to write core dump. Minidumps are not enabled by default on client versions of Windows
#
# If you would like to submit a bug report, please visit:
#   http://bugreport.java.com/bugreport/crash.jsp
#

---------------  T H R E A D  ---------------

Current thread (0x0000000002f90800):  JavaThread "Unknown thread" [_thread_in_vm, id=7936, stack(0x0000000001740000,0x0000000001840000)]

Stack: [0x0000000001740000,0x0000000001840000]

---------------  P R O C E S S  ---------------

Java Threads: ( => current thread )

Other Threads:

=>0x0000000002f90800 (exited) JavaThread "Unknown thread" [_thread_in_vm, id=7936, stack(0x0000000001740000,0x0000000001840000)]

VM state:not at safepoint (not fully initialized)

VM Mutex/Monitor currently owned by a thread: None

GC Heap History (0 events):
No events

Deoptimization events (0 events):
No events

Internal exceptions (0 events):
No events

Events (10 events):
Event: 0.008 loading class 0x0000000002fd4d20 done
Event: 0.008 loading class 0x0000000002fd4720 done
Event: 0.008 loading class 0x0000000002fd4700
Event: 0.009 loading class 0x0000000002fdc880
Event: 0.009 loading class 0x0000000002fdc880 done
Event: 0.009 loading class 0x0000000002fdc8b0
Event: 0.009 loading class 0x0000000002fdc8b0 done
Event: 0.009 loading class 0x0000000002fdc8e0
Event: 0.009 loading class 0x0000000002fdc8e0 done
Event: 0.009 loading class 0x0000000002fd4700 done


Dynamic libraries:
0x00007ff7348c0000 - 0x00007ff7348f3000 	D:\Program Files\Java\jre7\bin\javaw.exe
0x00007ffa74370000 - 0x00007ffa74541000 	C:\Windows\SYSTEM32\ntdll.dll
0x00007ffa71fb0000 - 0x00007ffa7205b000 	C:\Windows\System32\KERNEL32.DLL
0x00007ffa709b0000 - 0x00007ffa70bcd000 	C:\Windows\System32\KERNELBASE.dll
0x00007ffa73a00000 - 0x00007ffa73aa2000 	C:\Windows\System32\ADVAPI32.dll
0x00007ffa72060000 - 0x00007ffa720fe000 	C:\Windows\System32\msvcrt.dll
0x00007ffa737d0000 - 0x00007ffa73829000 	C:\Windows\System32\sechost.dll
0x00007ffa738d0000 - 0x00007ffa739f1000 	C:\Windows\System32\RPCRT4.dll
0x00007ffa73c10000 - 0x00007ffa73d75000 	C:\Windows\System32\USER32.dll
0x00007ffa70bd0000 - 0x00007ffa70bee000 	C:\Windows\System32\win32u.dll
0x00007ffa73890000 - 0x00007ffa738c4000 	C:\Windows\System32\GDI32.dll
0x00007ffa715a0000 - 0x00007ffa71722000 	C:\Windows\System32\gdi32full.dll
0x00007ffa66fe0000 - 0x00007ffa67259000 	C:\Windows\WinSxS\amd64_microsoft.windows.common-controls_6595b64144ccf1df_6.0.14393.0_none_2d0f50fcbdb171b8\COMCTL32.dll
0x00007ffa74000000 - 0x00007ffa742c7000 	C:\Windows\System32\combase.dll
0x00007ffa70cf0000 - 0x00007ffa70de5000 	C:\Windows\System32\ucrtbase.dll
0x00007ffa70e50000 - 0x00007ffa70eba000 	C:\Windows\System32\bcryptPrimitives.dll
0x00007ffa71f10000 - 0x00007ffa71f3e000 	C:\Windows\System32\IMM32.DLL
0x0000000076b60000 - 0x0000000076c32000 	D:\Program Files\Java\jre7\bin\msvcr100.dll
0x0000000076380000 - 0x0000000076b59000 	D:\Program Files\Java\jre7\bin\server\jvm.dll
0x00007ffa71da0000 - 0x00007ffa71da8000 	C:\Windows\System32\PSAPI.DLL
0x00007ffa644d0000 - 0x00007ffa644d9000 	C:\Windows\SYSTEM32\WSOCK32.dll
0x00007ffa6e630000 - 0x00007ffa6e653000 	C:\Windows\SYSTEM32\WINMM.dll
0x00007ffa73d80000 - 0x00007ffa73dea000 	C:\Windows\System32\WS2_32.dll
0x00007ffa6e600000 - 0x00007ffa6e62b000 	C:\Windows\SYSTEM32\WINMMBASE.dll
0x00007ffa70bf0000 - 0x00007ffa70c32000 	C:\Windows\System32\cfgmgr32.dll
0x0000000076370000 - 0x000000007637f000 	D:\Program Files\Java\jre7\bin\verify.dll
0x0000000076340000 - 0x0000000076368000 	D:\Program Files\Java\jre7\bin\java.dll
0x0000000076320000 - 0x0000000076336000 	D:\Program Files\Java\jre7\bin\zip.dll

VM Arguments:
jvm_args: -Dfile.encoding=GBK -Xbootclasspath:D:\android\adt-bundle-windows-x86_64-20140702\sdk\platforms\android-20\android.jar 
java_command: com.yuan.mobilesafe.chapter02.utils.MD5utils
Launcher Type: SUN_STANDARD

Environment Variables:
JAVA_HOME=D:\Program Files\Java\jdk1.7.0_80
CLASSPATH=.;D:\Program Files\Java\jdk1.7.0_80/lib/dt.jar;D:\Program Files\Java\jdk1.7.0_80/lib/tools.jar
PATH=C:\Windows\system32;C:\Windows;C:\Windows\System32\Wbem;C:\Windows\System32\WindowsPowerShell\v1.0\;D:\Program Files\WIDCOMM\Bluetooth Software\;D:\Program Files\WIDCOMM\Bluetooth Software\syswow64;D:\Program Files\Java\jdk1.7.0_80\bin;D:\Program Files\Java\jdk1.7.0_80\jre\bin;D:\android\adt-bundle-windows-x86_64-20140702\sdk\platform-tools;C:\Program Files (x86)\MySQL\MySQL Fabric 1.5.4 & MySQL Utilities 1.5.4 1.5\;C:\Program Files (x86)\MySQL\MySQL Fabric 1.5.4 & MySQL Utilities 1.5.4 1.5\Doctrine extensions for PHP\;D:\Program Files\Git\cmd;C:\Program Files\MySQL\MySQL Server 5.6\bin;F:\translator\eclipse;C:\Users\aiyuan\AppData\Local\Microsoft\WindowsApps;
USERNAME=aiyuan
OS=Windows_NT
PROCESSOR_IDENTIFIER=Intel64 Family 6 Model 60 Stepping 3, GenuineIntel



---------------  S Y S T E M  ---------------

OS: Windows 8.1 , 64 bit Build 9600 

CPU:total 4 (2 cores per cpu, 2 threads per core) family 6 model 60 stepping 3, cmov, cx8, fxsr, mmx, sse, sse2, sse3, ssse3, sse4.1, sse4.2, popcnt, avx, avx2, aes, erms, ht, tsc, tscinvbit

Memory: 4k page, physical 8298776k(2913012k free), swap 10390960k(1277484k free)

vm_info: Java HotSpot(TM) 64-Bit Server VM (24.80-b11) for windows-amd64 JRE (1.7.0_80-b15), built on Apr 10 2015 11:26:34 by "java_re" with unknown MS VC++:1600

time: Fri Sep 16 19:06:52 2016
elapsed time: 0 seconds

